<html>
<head>
<title>TestNG:  Test</title>
<link href="../testng.css" rel="stylesheet" type="text/css" />
<link href="../my-testng.css" rel="stylesheet" type="text/css" />

<style type="text/css">
.log { display: none;} 
.stack-trace { display: none;} 
</style>
<script type="text/javascript">
<!--
function flip(e) {
  current = e.style.display;
  if (current == 'block') {
    e.style.display = 'none';
    return 0;
  }
  else {
    e.style.display = 'block';
    return 1;
  }
}

function toggleBox(szDivId, elem, msg1, msg2)
{
  var res = -1;  if (document.getElementById) {
    res = flip(document.getElementById(szDivId));
  }
  else if (document.all) {
    // this is the way old msie versions work
    res = flip(document.all[szDivId]);
  }
  if(elem) {
    if(res == 0) elem.innerHTML = msg1; else elem.innerHTML = msg2;
  }

}

function toggleAllBoxes() {
  if (document.getElementsByTagName) {
    d = document.getElementsByTagName('div');
    for (i = 0; i < d.length; i++) {
      if (d[i].className == 'log') {
        flip(d[i]);
      }
    }
  }
}

// -->
</script>

</head>
<body>
<h2 align='center'>Test</h2><table border='1' align="center">
<tr>
<td>Tests passed/Failed/Skipped:</td><td>0/0/1</td>
</tr><tr>
<td>Started on:</td><td>Sun Jun 03 23:26:52 CST 2018</td>
</tr>
<tr><td>Total time:</td><td>50 seconds (50539 ms)</td>
</tr><tr>
<td>Included groups:</td><td></td>
</tr><tr>
<td>Excluded groups:</td><td></td>
</tr>
</table><p/>
<small><i>(Hover the method name to see the test class name)</i></small><p/>
<table width='100%' border='1' class='invocation-failed'>
<tr><td colspan='4' align='center'><b>FAILED CONFIGURATIONS</b></td></tr>
<tr><td><b>Test method</b></td>
<td width="30%"><b>Exception</b></td>
<td width="10%"><b>Time (seconds)</b></td>
<td><b>Instance</b></td>
</tr>
<tr>
<td title='example.NewTest.beforeTest()'><b>beforeTest</b><br>Test class: example.NewTest</td>
<td><div><pre>org.openqa.selenium.WebDriverException: Failed to connect to binary FirefoxBinary(C:\Program Files (x86)\Mozilla Firefox\firefox.exe) on port 7055; process output follows: 
pi-utils	DEBUG	Successfully read XPI database
1528039618975	DeferredSave.webext.sc.lz4	DEBUG	Save changes
1528039618975	DeferredSave.webext.sc.lz4	DEBUG	Starting timer
1528039619003	DeferredSave.webext.sc.lz4	DEBUG	Save changes
1528039619003	DeferredSave.webext.sc.lz4	DEBUG	Save changes
1528039619005	DeferredSave.webext.sc.lz4	DEBUG	Save changes
1528039619006	DeferredSave.webext.sc.lz4	DEBUG	Save changes
1528039619007	DeferredSave.webext.sc.lz4	DEBUG	Save changes
1528039619009	DeferredSave.webext.sc.lz4	DEBUG	Save changes
1528039619010	DeferredSave.webext.sc.lz4	DEBUG	Save changes
1528039619010	DeferredSave.webext.sc.lz4	DEBUG	Save changes
1528039619013	DeferredSave.webext.sc.lz4	DEBUG	Save changes
1528039619013	DeferredSave.webext.sc.lz4	DEBUG	Save changes
1528039619014	DeferredSave.webext.sc.lz4	DEBUG	Save changes
1528039619015	DeferredSave.webext.sc.lz4	DEBUG	Save changes
1528039619016	DeferredSave.webext.sc.lz4	DEBUG	Save changes
1528039619016	DeferredSave.webext.sc.lz4	DEBUG	Save changes
1528039619017	DeferredSave.webext.sc.lz4	DEBUG	Save changes
1528039619018	DeferredSave.webext.sc.lz4	DEBUG	Save changes
1528039619019	DeferredSave.webext.sc.lz4	DEBUG	Save changes
1528039619019	DeferredSave.webext.sc.lz4	DEBUG	Save changes
1528039619020	DeferredSave.webext.sc.lz4	DEBUG	Save changes
1528039619020	DeferredSave.webext.sc.lz4	DEBUG	Save changes
1528039619022	DeferredSave.webext.sc.lz4	DEBUG	Save changes
1528039619023	DeferredSave.webext.sc.lz4	DEBUG	Save changes
1528039619024	DeferredSave.webext.sc.lz4	DEBUG	Save changes
1528039619024	DeferredSave.webext.sc.lz4	DEBUG	Save changes
1528039619024	DeferredSave.webext.sc.lz4	DEBUG	Save changes
1528039619025	DeferredSave.webext.sc.lz4	DEBUG	Save changes
1528039619025	DeferredSave.webext.sc.lz4	DEBUG	Save changes
1528039619026	DeferredSave.webext.sc.lz4	DEBUG	Save changes
1528039619027	DeferredSave.webext.sc.lz4	DEBUG	Save changes
1528039619027	DeferredSave.webext.sc.lz4	DEBUG	Save changes
1528039619028	DeferredSave.webext.sc.lz4	DEBUG	Save changes
1528039619028	DeferredSave.webext.sc.lz4	DEBUG	Save changes
1528039619029	DeferredSave.webext.sc.lz4	DEBUG	Save changes
1528039619029	DeferredSave.webext.sc.lz4	DEBUG	Save changes
1528039619030	DeferredSave.webext.sc.lz4	DEBUG	Save changes
1528039619030	DeferredSave.webext.sc.lz4	DEBUG	Save changes
1528039619030	DeferredSave.webext.sc.lz4	DEBUG	Save changes
1528039619031	DeferredSave.webext.sc.lz4	DEBUG	Save changes
1528039619032	DeferredSave.webext.sc.lz4	DEBUG	Save changes
1528039619032	DeferredSave.webext.sc.lz4	DEBUG	Save changes
1528039619033	DeferredSave.webext.sc.lz4	DEBUG	Save changes
1528039619033	DeferredSave.webext.sc.lz4	DEBUG	Save changes
1528039619034	DeferredSave.webext.sc.lz4	DEBUG	Save changes
1528039619035	DeferredSave.webext.sc.lz4	DEBUG	Save changes
1528039619036	DeferredSave.webext.sc.lz4	DEBUG	Save changes
1528039619042	DeferredSave.webext.sc.lz4	DEBUG	Save changes
1528039619043	DeferredSave.webext.sc.lz4	DEBUG	Save changes
1528039619046	DeferredSave.webext.sc.lz4	DEBUG	Save changes
1528039619047	DeferredSave.webext.sc.lz4	DEBUG	Save changes
1528039619052	DeferredSave.webext.sc.lz4	DEBUG	Save changes
1528039619074	DeferredSave.webext.sc.lz4	DEBUG	Save changes
1528039619151	addons.productaddons	INFO	sending request to: https://aus5.mozilla.org/update/3/GMP/56.0/20170926190823/WINNT_x86-msvc-x64/en-US/release/Windows_NT%2010.0.0.0%20(x64)/default/default/update.xml
1528039619759	addons.productaddons	INFO	Completed downloading document
1528039620033	addons.productaddons	INFO	downloadXHR File download. status=200
1528039620035	addons.productaddons	INFO	Downloaded file will be saved to C:\Users\celes\AppData\Local\Temp\tmpaddon-e88639
1528039621142	addons.productaddons	INFO	downloadXHR File download. status=200
1528039621145	addons.productaddons	INFO	Downloaded file will be saved to C:\Users\celes\AppData\Local\Temp\tmpaddon-1fe3be
1528039623979	DeferredSave.webext.sc.lz4	DEBUG	Starting write
1528039623984	DeferredSave.webext.sc.lz4	DEBUG	Write succeeded

Build info: version: &apos;2.45.0&apos;, revision: &apos;5017cb8e7ca8e37638dc3091b2440b90a1d8686f&apos;, time: &apos;2015-02-27 09:10:26&apos;
System info: host: &apos;Celes&apos;, ip: &apos;192.168.1.5&apos;, os.name: &apos;Windows 10&apos;, os.arch: &apos;amd64&apos;, os.version: &apos;10.0&apos;, java.version: &apos;1.8.0_161&apos;
Driver info: driver.version: FirefoxDriver
	at org.openqa.selenium.firefox.internal.NewProfileExtensionConnection.start(NewProfileExtensionConnection.java:130)
	at org.openqa.selenium.firefox.FirefoxDriver.startClient(FirefoxDriver.java:246)
	at org.openqa.selenium.remote.RemoteWebDriver.&lt;init&gt;(RemoteWebDriver.java:114)
	at org.openqa.selenium.firefox.FirefoxDriver.&lt;init&gt;(FirefoxDriver.java:191)
	at org.openqa.selenium.firefox.FirefoxDriver.&lt;init&gt;(FirefoxDriver.java:186)
	at org.openqa.selenium.firefox.FirefoxDriver.&lt;init&gt;(FirefoxDriver.java:182)
	at org.openqa.selenium.firefox.FirefoxDriver.&lt;init&gt;(FirefoxDriver.java:95)
	at example.NewTest.beforeTest(NewTest.java:20)
Caused by: org.openqa.selenium.firefox.NotConnectedException: Unable to connect to host 127.0.0.1 on port 7055 after 45000 ms. Firefox console output:
pi-utils	DEBUG	Successfully read XPI database
1528039618975	DeferredSave.webext.sc.lz4	DEBUG	Save changes
1528039618975	DeferredSave.webext.sc.lz4	DEBUG	Starting timer
1528039619003	DeferredSave.webext.sc.lz4	DEBUG	Save changes
1528039619003	DeferredSave.webext.sc.lz4	DEBUG	Save changes
1528039619005	DeferredSave.webext.sc.lz4	DEBUG	Save changes
1528039619006	DeferredSave.webext.sc.lz4	DEBUG	Save changes
1528039619007	DeferredSave.webext.sc.lz4	DEBUG	Save changes
1528039619009	DeferredSave.webext.sc.lz4	DEBUG	Save changes
1528039619010	DeferredSave.webext.sc.lz4	DEBUG	Save changes
1528039619010	DeferredSave.webext.sc.lz4	DEBUG	Save changes
1528039619013	DeferredSave.webext.sc.lz4	DEBUG	Save changes
1528039619013	DeferredSave.webext.sc.lz4	DEBUG	Save changes
1528039619014	DeferredSave.webext.sc.lz4	DEBUG	Save changes
1528039619015	DeferredSave.webext.sc.lz4	DEBUG	Save changes
1528039619016	DeferredSave.webext.sc.lz4	DEBUG	Save changes
1528039619016	DeferredSave.webext.sc.lz4	DEBUG	Save changes
1528039619017	DeferredSave.webext.sc.lz4	DEBUG	Save changes
1528039619018	DeferredSave.webext.sc.lz4	DEBUG	Save changes
1528039619019	DeferredSave.webext.sc.lz4	DEBUG	Save changes
1528039619019	DeferredSave.webext.sc.lz4	DEBUG	Save changes
1528039619020	DeferredSave.webext.sc.lz4	DEBUG	Save changes
1528039619020	DeferredSave.webext.sc.lz4	DEBUG	Save changes
1528039619022	DeferredSave.webext.sc.lz4	DEBUG	Save changes
1528039619023	DeferredSave.webext.sc.lz4	DEBUG	Save changes
1528039619024	DeferredSave.webext.sc.lz4	DEBUG	Save changes
1528039619024	DeferredSave.webext.sc.lz4	DEBUG	Save changes
1528039619024	DeferredSave.webext.sc.lz4	DEBUG	Save changes
1528039619025	DeferredSave.webext.sc.lz4	DEBUG	Save changes
1528039619025	DeferredSave.webext.sc.lz4	DEBUG	Save changes
1528039619026	DeferredSave.webext.sc.lz4	DEBUG	Save changes
1528039619027	DeferredSave.webext.sc.lz4	DEBUG	Save changes
1528039619027	DeferredSave.webext.sc.lz4	DEBUG	Save changes
1528039619028	DeferredSave.webext.sc.lz4	DEBUG	Save changes
1528039619028	DeferredSave.webext.sc.lz4	DEBUG	Save changes
1528039619029	DeferredSave.webext.sc.lz4	DEBUG	Save changes
1528039619029	DeferredSave.webext.sc.lz4	DEBUG	Save changes
1528039619030	DeferredSave.webext.sc.lz4	DEBUG	Save changes
1528039619030	DeferredSave.webext.sc.lz4	DEBUG	Save changes
1528039619030	DeferredSave.webext.sc.lz4	DEBUG	Save changes
1528039619031	DeferredSave.webext.sc.lz4	DEBUG	Save changes
1528039619032	DeferredSave.webext.sc.lz4	DEBUG	Save changes
1528039619032	DeferredSave.webext.sc.lz4	DEBUG	Save changes
1528039619033	DeferredSave.webext.sc.lz4	DEBUG	Save changes
1528039619033	DeferredSave.webext.sc.lz4	DEBUG	Save changes
1528039619034	DeferredSave.webext.sc.lz4	DEBUG	Save changes
1528039619035	DeferredSave.webext.sc.lz4	DEBUG	Save changes
1528039619036	DeferredSave.webext.sc.lz4	DEBUG	Save changes
1528039619042	DeferredSave.webext.sc.lz4	DEBUG	Save changes
1528039619043	DeferredSave.webext.sc.lz4	DEBUG	Save changes
1528039619046	DeferredSave.webext.sc.lz4	DEBUG	Save changes
1528039619047	DeferredSave.webext.sc.lz4	DEBUG	Save changes
1528039619052	DeferredSave.webext.sc.lz4	DEBUG	Save changes
1528039619074	DeferredSave.webext.sc.lz4	DEBUG	Save changes
1528039619151	addons.productaddons	INFO	sending request to: https://aus5.mozilla.org/update/3/GMP/56.0/20170926190823/WINNT_x86-msvc-x64/en-US/release/Windows_NT%2010.0.0.0%20(x64)/default/default/update.xml
1528039619759	addons.productaddons	INFO	Completed downloading document
1528039620033	addons.productaddons	INFO	downloadXHR File download. status=200
1528039620035	addons.productaddons	INFO	Downloaded file will be saved to C:\Users\celes\AppData\Local\Temp\tmpaddon-e88639
1528039621142	addons.productaddons	INFO	downloadXHR File download. status=200
1528039621145	addons.productaddons	INFO	Downloaded file will be saved to C:\Users\celes\AppData\Local\Temp\tmpaddon-1fe3be
1528039623979	DeferredSave.webext.sc.lz4	DEBUG	Starting write
1528039623984	DeferredSave.webext.sc.lz4	DEBUG	Write succeeded

	at org.openqa.selenium.firefox.internal.NewProfileExtensionConnection.start(NewProfileExtensionConnection.java:118)
	... 29 more
... Removed 22 stack frames</pre></div><a href='#' onClick='toggleBox("stack-trace1715248762", this, "Click to show all stack frames", "Click to hide stack frames")'>Click to show all stack frames</a>
<div class='stack-trace' id='stack-trace1715248762'><pre>org.openqa.selenium.WebDriverException: Failed to connect to binary FirefoxBinary(C:\Program Files (x86)\Mozilla Firefox\firefox.exe) on port 7055; process output follows: 
pi-utils	DEBUG	Successfully read XPI database
1528039618975	DeferredSave.webext.sc.lz4	DEBUG	Save changes
1528039618975	DeferredSave.webext.sc.lz4	DEBUG	Starting timer
1528039619003	DeferredSave.webext.sc.lz4	DEBUG	Save changes
1528039619003	DeferredSave.webext.sc.lz4	DEBUG	Save changes
1528039619005	DeferredSave.webext.sc.lz4	DEBUG	Save changes
1528039619006	DeferredSave.webext.sc.lz4	DEBUG	Save changes
1528039619007	DeferredSave.webext.sc.lz4	DEBUG	Save changes
1528039619009	DeferredSave.webext.sc.lz4	DEBUG	Save changes
1528039619010	DeferredSave.webext.sc.lz4	DEBUG	Save changes
1528039619010	DeferredSave.webext.sc.lz4	DEBUG	Save changes
1528039619013	DeferredSave.webext.sc.lz4	DEBUG	Save changes
1528039619013	DeferredSave.webext.sc.lz4	DEBUG	Save changes
1528039619014	DeferredSave.webext.sc.lz4	DEBUG	Save changes
1528039619015	DeferredSave.webext.sc.lz4	DEBUG	Save changes
1528039619016	DeferredSave.webext.sc.lz4	DEBUG	Save changes
1528039619016	DeferredSave.webext.sc.lz4	DEBUG	Save changes
1528039619017	DeferredSave.webext.sc.lz4	DEBUG	Save changes
1528039619018	DeferredSave.webext.sc.lz4	DEBUG	Save changes
1528039619019	DeferredSave.webext.sc.lz4	DEBUG	Save changes
1528039619019	DeferredSave.webext.sc.lz4	DEBUG	Save changes
1528039619020	DeferredSave.webext.sc.lz4	DEBUG	Save changes
1528039619020	DeferredSave.webext.sc.lz4	DEBUG	Save changes
1528039619022	DeferredSave.webext.sc.lz4	DEBUG	Save changes
1528039619023	DeferredSave.webext.sc.lz4	DEBUG	Save changes
1528039619024	DeferredSave.webext.sc.lz4	DEBUG	Save changes
1528039619024	DeferredSave.webext.sc.lz4	DEBUG	Save changes
1528039619024	DeferredSave.webext.sc.lz4	DEBUG	Save changes
1528039619025	DeferredSave.webext.sc.lz4	DEBUG	Save changes
1528039619025	DeferredSave.webext.sc.lz4	DEBUG	Save changes
1528039619026	DeferredSave.webext.sc.lz4	DEBUG	Save changes
1528039619027	DeferredSave.webext.sc.lz4	DEBUG	Save changes
1528039619027	DeferredSave.webext.sc.lz4	DEBUG	Save changes
1528039619028	DeferredSave.webext.sc.lz4	DEBUG	Save changes
1528039619028	DeferredSave.webext.sc.lz4	DEBUG	Save changes
1528039619029	DeferredSave.webext.sc.lz4	DEBUG	Save changes
1528039619029	DeferredSave.webext.sc.lz4	DEBUG	Save changes
1528039619030	DeferredSave.webext.sc.lz4	DEBUG	Save changes
1528039619030	DeferredSave.webext.sc.lz4	DEBUG	Save changes
1528039619030	DeferredSave.webext.sc.lz4	DEBUG	Save changes
1528039619031	DeferredSave.webext.sc.lz4	DEBUG	Save changes
1528039619032	DeferredSave.webext.sc.lz4	DEBUG	Save changes
1528039619032	DeferredSave.webext.sc.lz4	DEBUG	Save changes
1528039619033	DeferredSave.webext.sc.lz4	DEBUG	Save changes
1528039619033	DeferredSave.webext.sc.lz4	DEBUG	Save changes
1528039619034	DeferredSave.webext.sc.lz4	DEBUG	Save changes
1528039619035	DeferredSave.webext.sc.lz4	DEBUG	Save changes
1528039619036	DeferredSave.webext.sc.lz4	DEBUG	Save changes
1528039619042	DeferredSave.webext.sc.lz4	DEBUG	Save changes
1528039619043	DeferredSave.webext.sc.lz4	DEBUG	Save changes
1528039619046	DeferredSave.webext.sc.lz4	DEBUG	Save changes
1528039619047	DeferredSave.webext.sc.lz4	DEBUG	Save changes
1528039619052	DeferredSave.webext.sc.lz4	DEBUG	Save changes
1528039619074	DeferredSave.webext.sc.lz4	DEBUG	Save changes
1528039619151	addons.productaddons	INFO	sending request to: https://aus5.mozilla.org/update/3/GMP/56.0/20170926190823/WINNT_x86-msvc-x64/en-US/release/Windows_NT%2010.0.0.0%20(x64)/default/default/update.xml
1528039619759	addons.productaddons	INFO	Completed downloading document
1528039620033	addons.productaddons	INFO	downloadXHR File download. status=200
1528039620035	addons.productaddons	INFO	Downloaded file will be saved to C:\Users\celes\AppData\Local\Temp\tmpaddon-e88639
1528039621142	addons.productaddons	INFO	downloadXHR File download. status=200
1528039621145	addons.productaddons	INFO	Downloaded file will be saved to C:\Users\celes\AppData\Local\Temp\tmpaddon-1fe3be
1528039623979	DeferredSave.webext.sc.lz4	DEBUG	Starting write
1528039623984	DeferredSave.webext.sc.lz4	DEBUG	Write succeeded

Build info: version: &apos;2.45.0&apos;, revision: &apos;5017cb8e7ca8e37638dc3091b2440b90a1d8686f&apos;, time: &apos;2015-02-27 09:10:26&apos;
System info: host: &apos;Celes&apos;, ip: &apos;192.168.1.5&apos;, os.name: &apos;Windows 10&apos;, os.arch: &apos;amd64&apos;, os.version: &apos;10.0&apos;, java.version: &apos;1.8.0_161&apos;
Driver info: driver.version: FirefoxDriver
	at org.openqa.selenium.firefox.internal.NewProfileExtensionConnection.start(NewProfileExtensionConnection.java:130)
	at org.openqa.selenium.firefox.FirefoxDriver.startClient(FirefoxDriver.java:246)
	at org.openqa.selenium.remote.RemoteWebDriver.&lt;init&gt;(RemoteWebDriver.java:114)
	at org.openqa.selenium.firefox.FirefoxDriver.&lt;init&gt;(FirefoxDriver.java:191)
	at org.openqa.selenium.firefox.FirefoxDriver.&lt;init&gt;(FirefoxDriver.java:186)
	at org.openqa.selenium.firefox.FirefoxDriver.&lt;init&gt;(FirefoxDriver.java:182)
	at org.openqa.selenium.firefox.FirefoxDriver.&lt;init&gt;(FirefoxDriver.java:95)
	at example.NewTest.beforeTest(NewTest.java:20)
	at sun.reflect.NativeMethodAccessorImpl.invoke0(Native Method)
	at sun.reflect.NativeMethodAccessorImpl.invoke(Unknown Source)
	at sun.reflect.DelegatingMethodAccessorImpl.invoke(Unknown Source)
	at java.lang.reflect.Method.invoke(Unknown Source)
	at org.testng.internal.MethodInvocationHelper.invokeMethod(MethodInvocationHelper.java:80)
	at org.testng.internal.Invoker.invokeConfigurationMethod(Invoker.java:564)
	at org.testng.internal.Invoker.invokeConfigurations(Invoker.java:213)
	at org.testng.internal.Invoker.invokeConfigurations(Invoker.java:138)
	at org.testng.TestRunner.beforeRun(TestRunner.java:641)
	at org.testng.TestRunner.run(TestRunner.java:609)
	at org.testng.SuiteRunner.runTest(SuiteRunner.java:334)
	at org.testng.SuiteRunner.runSequentially(SuiteRunner.java:329)
	at org.testng.SuiteRunner.privateRun(SuiteRunner.java:291)
	at org.testng.SuiteRunner.run(SuiteRunner.java:240)
	at org.testng.SuiteRunnerWorker.runSuite(SuiteRunnerWorker.java:52)
	at org.testng.SuiteRunnerWorker.run(SuiteRunnerWorker.java:86)
	at org.testng.TestNG.runSuitesSequentially(TestNG.java:1198)
	at org.testng.TestNG.runSuitesLocally(TestNG.java:1123)
	at org.testng.TestNG.run(TestNG.java:1031)
	at org.testng.remote.AbstractRemoteTestNG.run(AbstractRemoteTestNG.java:114)
	at org.testng.remote.RemoteTestNG.initAndRun(RemoteTestNG.java:251)
	at org.testng.remote.RemoteTestNG.main(RemoteTestNG.java:77)
Caused by: org.openqa.selenium.firefox.NotConnectedException: Unable to connect to host 127.0.0.1 on port 7055 after 45000 ms. Firefox console output:
pi-utils	DEBUG	Successfully read XPI database
1528039618975	DeferredSave.webext.sc.lz4	DEBUG	Save changes
1528039618975	DeferredSave.webext.sc.lz4	DEBUG	Starting timer
1528039619003	DeferredSave.webext.sc.lz4	DEBUG	Save changes
1528039619003	DeferredSave.webext.sc.lz4	DEBUG	Save changes
1528039619005	DeferredSave.webext.sc.lz4	DEBUG	Save changes
1528039619006	DeferredSave.webext.sc.lz4	DEBUG	Save changes
1528039619007	DeferredSave.webext.sc.lz4	DEBUG	Save changes
1528039619009	DeferredSave.webext.sc.lz4	DEBUG	Save changes
1528039619010	DeferredSave.webext.sc.lz4	DEBUG	Save changes
1528039619010	DeferredSave.webext.sc.lz4	DEBUG	Save changes
1528039619013	DeferredSave.webext.sc.lz4	DEBUG	Save changes
1528039619013	DeferredSave.webext.sc.lz4	DEBUG	Save changes
1528039619014	DeferredSave.webext.sc.lz4	DEBUG	Save changes
1528039619015	DeferredSave.webext.sc.lz4	DEBUG	Save changes
1528039619016	DeferredSave.webext.sc.lz4	DEBUG	Save changes
1528039619016	DeferredSave.webext.sc.lz4	DEBUG	Save changes
1528039619017	DeferredSave.webext.sc.lz4	DEBUG	Save changes
1528039619018	DeferredSave.webext.sc.lz4	DEBUG	Save changes
1528039619019	DeferredSave.webext.sc.lz4	DEBUG	Save changes
1528039619019	DeferredSave.webext.sc.lz4	DEBUG	Save changes
1528039619020	DeferredSave.webext.sc.lz4	DEBUG	Save changes
1528039619020	DeferredSave.webext.sc.lz4	DEBUG	Save changes
1528039619022	DeferredSave.webext.sc.lz4	DEBUG	Save changes
1528039619023	DeferredSave.webext.sc.lz4	DEBUG	Save changes
1528039619024	DeferredSave.webext.sc.lz4	DEBUG	Save changes
1528039619024	DeferredSave.webext.sc.lz4	DEBUG	Save changes
1528039619024	DeferredSave.webext.sc.lz4	DEBUG	Save changes
1528039619025	DeferredSave.webext.sc.lz4	DEBUG	Save changes
1528039619025	DeferredSave.webext.sc.lz4	DEBUG	Save changes
1528039619026	DeferredSave.webext.sc.lz4	DEBUG	Save changes
1528039619027	DeferredSave.webext.sc.lz4	DEBUG	Save changes
1528039619027	DeferredSave.webext.sc.lz4	DEBUG	Save changes
1528039619028	DeferredSave.webext.sc.lz4	DEBUG	Save changes
1528039619028	DeferredSave.webext.sc.lz4	DEBUG	Save changes
1528039619029	DeferredSave.webext.sc.lz4	DEBUG	Save changes
1528039619029	DeferredSave.webext.sc.lz4	DEBUG	Save changes
1528039619030	DeferredSave.webext.sc.lz4	DEBUG	Save changes
1528039619030	DeferredSave.webext.sc.lz4	DEBUG	Save changes
1528039619030	DeferredSave.webext.sc.lz4	DEBUG	Save changes
1528039619031	DeferredSave.webext.sc.lz4	DEBUG	Save changes
1528039619032	DeferredSave.webext.sc.lz4	DEBUG	Save changes
1528039619032	DeferredSave.webext.sc.lz4	DEBUG	Save changes
1528039619033	DeferredSave.webext.sc.lz4	DEBUG	Save changes
1528039619033	DeferredSave.webext.sc.lz4	DEBUG	Save changes
1528039619034	DeferredSave.webext.sc.lz4	DEBUG	Save changes
1528039619035	DeferredSave.webext.sc.lz4	DEBUG	Save changes
1528039619036	DeferredSave.webext.sc.lz4	DEBUG	Save changes
1528039619042	DeferredSave.webext.sc.lz4	DEBUG	Save changes
1528039619043	DeferredSave.webext.sc.lz4	DEBUG	Save changes
1528039619046	DeferredSave.webext.sc.lz4	DEBUG	Save changes
1528039619047	DeferredSave.webext.sc.lz4	DEBUG	Save changes
1528039619052	DeferredSave.webext.sc.lz4	DEBUG	Save changes
1528039619074	DeferredSave.webext.sc.lz4	DEBUG	Save changes
1528039619151	addons.productaddons	INFO	sending request to: https://aus5.mozilla.org/update/3/GMP/56.0/20170926190823/WINNT_x86-msvc-x64/en-US/release/Windows_NT%2010.0.0.0%20(x64)/default/default/update.xml
1528039619759	addons.productaddons	INFO	Completed downloading document
1528039620033	addons.productaddons	INFO	downloadXHR File download. status=200
1528039620035	addons.productaddons	INFO	Downloaded file will be saved to C:\Users\celes\AppData\Local\Temp\tmpaddon-e88639
1528039621142	addons.productaddons	INFO	downloadXHR File download. status=200
1528039621145	addons.productaddons	INFO	Downloaded file will be saved to C:\Users\celes\AppData\Local\Temp\tmpaddon-1fe3be
1528039623979	DeferredSave.webext.sc.lz4	DEBUG	Starting write
1528039623984	DeferredSave.webext.sc.lz4	DEBUG	Write succeeded

	at org.openqa.selenium.firefox.internal.NewProfileExtensionConnection.start(NewProfileExtensionConnection.java:118)
	... 29 more
</pre></div></td>
<td>0</td>
<td>null</td></tr>
</table><p>
<table width='100%' border='1' class='invocation-skipped'>
<tr><td colspan='4' align='center'><b>SKIPPED CONFIGURATIONS</b></td></tr>
<tr><td><b>Test method</b></td>
<td width="30%"><b>Exception</b></td>
<td width="10%"><b>Time (seconds)</b></td>
<td><b>Instance</b></td>
</tr>
<tr>
<td title='example.NewTest.afterTest()'><b>afterTest</b><br>Test class: example.NewTest</td>
<td></td>
<td>0</td>
<td>null</td></tr>
</table><p>
<table width='100%' border='1' class='invocation-skipped'>
<tr><td colspan='4' align='center'><b>SKIPPED TESTS</b></td></tr>
<tr><td><b>Test method</b></td>
<td width="30%"><b>Exception</b></td>
<td width="10%"><b>Time (seconds)</b></td>
<td><b>Instance</b></td>
</tr>
<tr>
<td title='example.NewTest.testEasy()'><b>testEasy</b><br>Test class: example.NewTest</td>
<td></td>
<td>0</td>
<td>example.NewTest@7823a2f9</td></tr>
</table><p>
</body>
</html>